<?xml version="1.0" encoding="UTF-8"?>
<testng-results total="1" passed="1" failed="0" skipped="0">
  <reporter-output>
  </reporter-output>
  <suite started-at="2022-07-14T13:42:00Z" name="com.yahoo.ycsb.TestByteIterator" finished-at="2022-07-14T13:42:00Z" duration-ms="14">
    <groups>
    </groups>
    <test started-at="2022-07-14T13:42:00Z" name="Command line test" finished-at="2022-07-14T13:42:00Z" duration-ms="14">
      <class name="com.yahoo.ycsb.TestByteIterator">
        <test-method signature="testRandomByteIterator()" started-at="2022-07-14T13:42:00Z" name="testRandomByteIterator" finished-at="2022-07-14T13:42:00Z" duration-ms="7" status="PASS">
        </test-method>
      </class>
    </test>
  </suite>
</testng-results>
